CRITICAL - 2020-10-29 00:49:30 --> Table 'anime8k.an_slide' doesn't exist
#0 C:\xampp\htdocs\animeweb3\system\Database\MySQLi\Connection.php(330): mysqli->query('SELECT\r\n       ...')
#1 C:\xampp\htdocs\animeweb3\system\Database\BaseConnection.php(738): CodeIgniter\Database\MySQLi\Connection->execute('SELECT\r\n       ...')
#2 C:\xampp\htdocs\animeweb3\system\Database\BaseConnection.php(666): CodeIgniter\Database\BaseConnection->simpleQuery('SELECT\r\n       ...')
#3 C:\xampp\htdocs\animeweb3\app\Models\Video_Model.php(117): CodeIgniter\Database\BaseConnection->query('SELECT\r\n       ...', Array)
#4 C:\xampp\htdocs\animeweb3\app\Controllers\Home.php(34): App\Models\Video_Model->get_slide(1)
#5 C:\xampp\htdocs\animeweb3\system\CodeIgniter.php(910): App\Controllers\Home->index()
#6 C:\xampp\htdocs\animeweb3\system\CodeIgniter.php(398): CodeIgniter\CodeIgniter->runController(Object(App\Controllers\Home))
#7 C:\xampp\htdocs\animeweb3\system\CodeIgniter.php(306): CodeIgniter\CodeIgniter->handleRequest(NULL, Object(Config\Cache), false)
#8 C:\xampp\htdocs\animeweb3\index.php(45): CodeIgniter\CodeIgniter->run()
#9 {main}
CRITICAL - 2020-10-29 00:49:30 --> Table 'anime8k.an_slide' doesn't exist
#0 C:\xampp\htdocs\animeweb3\system\Database\MySQLi\Connection.php(330): mysqli->query('SELECT\r\n       ...')
#1 C:\xampp\htdocs\animeweb3\system\Database\BaseConnection.php(738): CodeIgniter\Database\MySQLi\Connection->execute('SELECT\r\n       ...')
#2 C:\xampp\htdocs\animeweb3\system\Database\BaseConnection.php(666): CodeIgniter\Database\BaseConnection->simpleQuery('SELECT\r\n       ...')
#3 C:\xampp\htdocs\animeweb3\app\Models\Video_Model.php(117): CodeIgniter\Database\BaseConnection->query('SELECT\r\n       ...', Array)
#4 C:\xampp\htdocs\animeweb3\app\Controllers\Home.php(34): App\Models\Video_Model->get_slide(1)
#5 C:\xampp\htdocs\animeweb3\system\CodeIgniter.php(910): App\Controllers\Home->index()
#6 C:\xampp\htdocs\animeweb3\system\CodeIgniter.php(398): CodeIgniter\CodeIgniter->runController(Object(App\Controllers\Home))
#7 C:\xampp\htdocs\animeweb3\system\CodeIgniter.php(306): CodeIgniter\CodeIgniter->handleRequest(NULL, Object(Config\Cache), false)
#8 C:\xampp\htdocs\animeweb3\index.php(45): CodeIgniter\CodeIgniter->run()
#9 {main}
CRITICAL - 2020-10-29 02:09:28 --> Undefined variable: keyword
#0 C:\xampp\htdocs\animeweb3\app\Views\list.php(118): CodeIgniter\Debug\Exceptions->errorHandler(8, 'Undefined varia...', 'C:\\xampp\\htdocs...', 118, Array)
#1 C:\xampp\htdocs\animeweb3\system\View\View.php(236): include('C:\\xampp\\htdocs...')
#2 C:\xampp\htdocs\animeweb3\system\Common.php(1071): CodeIgniter\View\View->render('list.php', Array, true)
#3 C:\xampp\htdocs\animeweb3\app\Controllers\Home.php(182): view('list.php', Array)
#4 C:\xampp\htdocs\animeweb3\system\CodeIgniter.php(910): App\Controllers\Home->all_manga()
#5 C:\xampp\htdocs\animeweb3\system\CodeIgniter.php(398): CodeIgniter\CodeIgniter->runController(Object(App\Controllers\Home))
#6 C:\xampp\htdocs\animeweb3\system\CodeIgniter.php(306): CodeIgniter\CodeIgniter->handleRequest(NULL, Object(Config\Cache), false)
#7 C:\xampp\htdocs\animeweb3\index.php(45): CodeIgniter\CodeIgniter->run()
#8 {main}
CRITICAL - 2020-10-29 03:03:57 --> syntax error, unexpected '$data' (T_VARIABLE), expecting ')'
#0 C:\xampp\htdocs\animeweb3\system\Autoloader\Autoloader.php(296): CodeIgniter\Autoloader\Autoloader->requireFile('C:\\xampp\\htdocs...')
#1 C:\xampp\htdocs\animeweb3\system\Autoloader\Autoloader.php(258): CodeIgniter\Autoloader\Autoloader->loadInNamespace('App\\Models\\Vide...')
#2 [internal function]: CodeIgniter\Autoloader\Autoloader->loadClass('App\\Models\\Vide...')
#3 C:\xampp\htdocs\animeweb3\app\Controllers\Home.php(22): spl_autoload_call('App\\Models\\Vide...')
#4 C:\xampp\htdocs\animeweb3\system\CodeIgniter.php(882): App\Controllers\Home->__construct()
#5 C:\xampp\htdocs\animeweb3\system\CodeIgniter.php(393): CodeIgniter\CodeIgniter->createController()
#6 C:\xampp\htdocs\animeweb3\system\CodeIgniter.php(306): CodeIgniter\CodeIgniter->handleRequest(NULL, Object(Config\Cache), false)
#7 C:\xampp\htdocs\animeweb3\index.php(45): CodeIgniter\CodeIgniter->run()
#8 {main}
CRITICAL - 2020-10-29 03:04:46 --> syntax error, unexpected '$builder' (T_VARIABLE)
#0 C:\xampp\htdocs\animeweb3\system\Autoloader\Autoloader.php(296): CodeIgniter\Autoloader\Autoloader->requireFile('C:\\xampp\\htdocs...')
#1 C:\xampp\htdocs\animeweb3\system\Autoloader\Autoloader.php(258): CodeIgniter\Autoloader\Autoloader->loadInNamespace('App\\Models\\Vide...')
#2 [internal function]: CodeIgniter\Autoloader\Autoloader->loadClass('App\\Models\\Vide...')
#3 C:\xampp\htdocs\animeweb3\app\Controllers\Home.php(22): spl_autoload_call('App\\Models\\Vide...')
#4 C:\xampp\htdocs\animeweb3\system\CodeIgniter.php(882): App\Controllers\Home->__construct()
#5 C:\xampp\htdocs\animeweb3\system\CodeIgniter.php(393): CodeIgniter\CodeIgniter->createController()
#6 C:\xampp\htdocs\animeweb3\system\CodeIgniter.php(306): CodeIgniter\CodeIgniter->handleRequest(NULL, Object(Config\Cache), false)
#7 C:\xampp\htdocs\animeweb3\index.php(45): CodeIgniter\CodeIgniter->run()
#8 {main}
CRITICAL - 2020-10-29 03:05:46 --> Undefined variable: movie_view
#0 C:\xampp\htdocs\animeweb3\app\Models\Video_Model.php(413): CodeIgniter\Debug\Exceptions->errorHandler(8, 'Undefined varia...', 'C:\\xampp\\htdocs...', 413, Array)
#1 C:\xampp\htdocs\animeweb3\app\Controllers\Home.php(291): App\Models\Video_Model->countView('1')
#2 C:\xampp\htdocs\animeweb3\system\CodeIgniter.php(910): App\Controllers\Home->countView('1')
#3 C:\xampp\htdocs\animeweb3\system\CodeIgniter.php(398): CodeIgniter\CodeIgniter->runController(Object(App\Controllers\Home))
#4 C:\xampp\htdocs\animeweb3\system\CodeIgniter.php(306): CodeIgniter\CodeIgniter->handleRequest(NULL, Object(Config\Cache), false)
#5 C:\xampp\htdocs\animeweb3\index.php(45): CodeIgniter\CodeIgniter->run()
#6 {main}
CRITICAL - 2020-10-29 03:06:13 --> Undefined variable: movie_view
#0 C:\xampp\htdocs\animeweb3\app\Models\Video_Model.php(413): CodeIgniter\Debug\Exceptions->errorHandler(8, 'Undefined varia...', 'C:\\xampp\\htdocs...', 413, Array)
#1 C:\xampp\htdocs\animeweb3\app\Controllers\Home.php(291): App\Models\Video_Model->countView('1')
#2 C:\xampp\htdocs\animeweb3\system\CodeIgniter.php(910): App\Controllers\Home->countView('1')
#3 C:\xampp\htdocs\animeweb3\system\CodeIgniter.php(398): CodeIgniter\CodeIgniter->runController(Object(App\Controllers\Home))
#4 C:\xampp\htdocs\animeweb3\system\CodeIgniter.php(306): CodeIgniter\CodeIgniter->handleRequest(NULL, Object(Config\Cache), false)
#5 C:\xampp\htdocs\animeweb3\index.php(45): CodeIgniter\CodeIgniter->run()
#6 {main}
CRITICAL - 2020-10-29 06:37:46 --> Undefined variable: url_nameep
#0 C:\xampp\htdocs\animeweb3\app\Views\anime.php(48): CodeIgniter\Debug\Exceptions->errorHandler(8, 'Undefined varia...', 'C:\\xampp\\htdocs...', 48, Array)
#1 C:\xampp\htdocs\animeweb3\system\View\View.php(236): include('C:\\xampp\\htdocs...')
#2 C:\xampp\htdocs\animeweb3\system\Common.php(1071): CodeIgniter\View\View->render('anime.php', Array, true)
#3 C:\xampp\htdocs\animeweb3\app\Controllers\Home.php(114): view('anime.php', Array)
#4 C:\xampp\htdocs\animeweb3\system\CodeIgniter.php(910): App\Controllers\Home->anime('6', 'Naruto', '0', 'EP-1')
#5 C:\xampp\htdocs\animeweb3\system\CodeIgniter.php(398): CodeIgniter\CodeIgniter->runController(Object(App\Controllers\Home))
#6 C:\xampp\htdocs\animeweb3\system\CodeIgniter.php(306): CodeIgniter\CodeIgniter->handleRequest(NULL, Object(Config\Cache), false)
#7 C:\xampp\htdocs\animeweb3\index.php(45): CodeIgniter\CodeIgniter->run()
#8 {main}
