CRITICAL - 2020-10-28 03:13:36 --> Undefined variable: ads
#0 C:\xampp\htdocs\anime\web3\app\Views\list.php(1): CodeIgniter\Debug\Exceptions->errorHandler(8, 'Undefined varia...', 'C:\\xampp\\htdocs...', 1, Array)
#1 C:\xampp\htdocs\anime\web3\system\View\View.php(236): include('C:\\xampp\\htdocs...')
#2 C:\xampp\htdocs\anime\web3\system\Common.php(1071): CodeIgniter\View\View->render('list.php', Array, true)
#3 C:\xampp\htdocs\anime\web3\app\Controllers\Home.php(168): view('list.php')
#4 C:\xampp\htdocs\anime\web3\system\CodeIgniter.php(910): App\Controllers\Home->list()
#5 C:\xampp\htdocs\anime\web3\system\CodeIgniter.php(398): CodeIgniter\CodeIgniter->runController(Object(App\Controllers\Home))
#6 C:\xampp\htdocs\anime\web3\system\CodeIgniter.php(306): CodeIgniter\CodeIgniter->handleRequest(NULL, Object(Config\Cache), false)
#7 C:\xampp\htdocs\anime\web3\index.php(45): CodeIgniter\CodeIgniter->run()
#8 {main}
CRITICAL - 2020-10-28 03:18:47 --> Undefined variable: ads
#0 C:\xampp\htdocs\anime\web3\app\Views\list.php(1): CodeIgniter\Debug\Exceptions->errorHandler(8, 'Undefined varia...', 'C:\\xampp\\htdocs...', 1, Array)
#1 C:\xampp\htdocs\anime\web3\system\View\View.php(236): include('C:\\xampp\\htdocs...')
#2 C:\xampp\htdocs\anime\web3\system\Common.php(1071): CodeIgniter\View\View->render('list.php', Array, true)
#3 C:\xampp\htdocs\anime\web3\app\Controllers\Home.php(168): view('list.php')
#4 C:\xampp\htdocs\anime\web3\system\CodeIgniter.php(910): App\Controllers\Home->list()
#5 C:\xampp\htdocs\anime\web3\system\CodeIgniter.php(398): CodeIgniter\CodeIgniter->runController(Object(App\Controllers\Home))
#6 C:\xampp\htdocs\anime\web3\system\CodeIgniter.php(306): CodeIgniter\CodeIgniter->handleRequest(NULL, Object(Config\Cache), false)
#7 C:\xampp\htdocs\anime\web3\index.php(45): CodeIgniter\CodeIgniter->run()
#8 {main}
CRITICAL - 2020-10-28 03:20:39 --> Undefined variable: ads
#0 C:\xampp\htdocs\anime\web3\app\Views\list.php(1): CodeIgniter\Debug\Exceptions->errorHandler(8, 'Undefined varia...', 'C:\\xampp\\htdocs...', 1, Array)
#1 C:\xampp\htdocs\anime\web3\system\View\View.php(236): include('C:\\xampp\\htdocs...')
#2 C:\xampp\htdocs\anime\web3\system\Common.php(1071): CodeIgniter\View\View->render('list.php', Array, true)
#3 C:\xampp\htdocs\anime\web3\app\Controllers\Home.php(168): view('list.php')
#4 C:\xampp\htdocs\anime\web3\system\CodeIgniter.php(910): App\Controllers\Home->list()
#5 C:\xampp\htdocs\anime\web3\system\CodeIgniter.php(398): CodeIgniter\CodeIgniter->runController(Object(App\Controllers\Home))
#6 C:\xampp\htdocs\anime\web3\system\CodeIgniter.php(306): CodeIgniter\CodeIgniter->handleRequest(NULL, Object(Config\Cache), false)
#7 C:\xampp\htdocs\anime\web3\index.php(45): CodeIgniter\CodeIgniter->run()
#8 {main}
CRITICAL - 2020-10-28 03:21:03 --> Undefined variable: list_anime
#0 C:\xampp\htdocs\anime\web3\app\Views\list.php(29): CodeIgniter\Debug\Exceptions->errorHandler(8, 'Undefined varia...', 'C:\\xampp\\htdocs...', 29, Array)
#1 C:\xampp\htdocs\anime\web3\system\View\View.php(236): include('C:\\xampp\\htdocs...')
#2 C:\xampp\htdocs\anime\web3\system\Common.php(1071): CodeIgniter\View\View->render('list.php', Array, true)
#3 C:\xampp\htdocs\anime\web3\app\Controllers\Home.php(168): view('list.php')
#4 C:\xampp\htdocs\anime\web3\system\CodeIgniter.php(910): App\Controllers\Home->list()
#5 C:\xampp\htdocs\anime\web3\system\CodeIgniter.php(398): CodeIgniter\CodeIgniter->runController(Object(App\Controllers\Home))
#6 C:\xampp\htdocs\anime\web3\system\CodeIgniter.php(306): CodeIgniter\CodeIgniter->handleRequest(NULL, Object(Config\Cache), false)
#7 C:\xampp\htdocs\anime\web3\index.php(45): CodeIgniter\CodeIgniter->run()
#8 {main}
CRITICAL - 2020-10-28 03:21:20 --> Undefined variable: ads
#0 C:\xampp\htdocs\anime\web3\app\Views\list.php(1): CodeIgniter\Debug\Exceptions->errorHandler(8, 'Undefined varia...', 'C:\\xampp\\htdocs...', 1, Array)
#1 C:\xampp\htdocs\anime\web3\system\View\View.php(236): include('C:\\xampp\\htdocs...')
#2 C:\xampp\htdocs\anime\web3\system\Common.php(1071): CodeIgniter\View\View->render('list.php', Array, true)
#3 C:\xampp\htdocs\anime\web3\app\Controllers\Home.php(168): view('list.php')
#4 C:\xampp\htdocs\anime\web3\system\CodeIgniter.php(910): App\Controllers\Home->list()
#5 C:\xampp\htdocs\anime\web3\system\CodeIgniter.php(398): CodeIgniter\CodeIgniter->runController(Object(App\Controllers\Home))
#6 C:\xampp\htdocs\anime\web3\system\CodeIgniter.php(306): CodeIgniter\CodeIgniter->handleRequest(NULL, Object(Config\Cache), false)
#7 C:\xampp\htdocs\anime\web3\index.php(45): CodeIgniter\CodeIgniter->run()
#8 {main}
CRITICAL - 2020-10-28 03:27:34 --> Undefined variable: ads
#0 C:\xampp\htdocs\anime\web3\app\Views\list.php(1): CodeIgniter\Debug\Exceptions->errorHandler(8, 'Undefined varia...', 'C:\\xampp\\htdocs...', 1, Array)
#1 C:\xampp\htdocs\anime\web3\system\View\View.php(236): include('C:\\xampp\\htdocs...')
#2 C:\xampp\htdocs\anime\web3\system\Common.php(1071): CodeIgniter\View\View->render('list.php', Array, true)
#3 C:\xampp\htdocs\anime\web3\app\Controllers\Home.php(168): view('list.php')
#4 C:\xampp\htdocs\anime\web3\system\CodeIgniter.php(910): App\Controllers\Home->list()
#5 C:\xampp\htdocs\anime\web3\system\CodeIgniter.php(398): CodeIgniter\CodeIgniter->runController(Object(App\Controllers\Home))
#6 C:\xampp\htdocs\anime\web3\system\CodeIgniter.php(306): CodeIgniter\CodeIgniter->handleRequest(NULL, Object(Config\Cache), false)
#7 C:\xampp\htdocs\anime\web3\index.php(45): CodeIgniter\CodeIgniter->run()
#8 {main}
